2025-08-07 22:15:50,175 - [INFO] - automacao_rh - (1_individual_contributor.py).run(33) - --- Starting Automation: 1 - Individual Contributor Overtime Alert ---
2025-08-07 22:15:50,202 - [INFO] - automacao_rh - (1_individual_contributor.py).run(47) - Searching for records on the target date: 08/06/2025
2025-08-07 22:15:50,203 - [INFO] - automacao_rh - (1_individual_contributor.py).run(56) - Found 97 contributors who exceeded the hour limit.
2025-08-07 22:15:58,157 - [INFO] - automacao_rh - (1_individual_contributor.py).run(80) - --- Automation Finished ---
2025-08-07 22:19:24,895 - [INFO] - automacao_rh - (2_consolidated_manager.py).run(32) - --- Starting Automation: 2 - Consolidated Manager Summary ---
2025-08-07 22:19:24,912 - [INFO] - automacao_rh - (2_consolidated_manager.py).run(46) - Searching for records on the target date: 08/06/2025
2025-08-07 22:19:24,913 - [INFO] - automacao_rh - (2_consolidated_manager.py).run(55) - Found 135 total records to process for manager summaries.
2025-08-07 22:23:16,783 - [INFO] - automacao_rh - (2_consolidated_manager.py).run(33) - --- Starting Automation: 2 - Consolidated Manager Summary ---
2025-08-07 22:23:16,801 - [INFO] - automacao_rh - (2_consolidated_manager.py).run(48) - Found 135 total records to process.
2025-08-07 22:23:22,273 - [INFO] - automacao_rh - (2_consolidated_manager.py).run(93) - --- Automation Finished ---
2025-08-07 22:26:32,080 - [INFO] - automacao_rh - (1_individual_contributor.py).run(28) - --- Starting Automation: 1 - Individual Contributor Overtime Alert ---
2025-08-07 22:26:32,096 - [INFO] - automacao_rh - (1_individual_contributor.py).run(38) - Searching for records on the target date: 08/06/2025
2025-08-07 22:26:32,098 - [INFO] - automacao_rh - (1_individual_contributor.py).run(47) - Found 97 contributors who exceeded the hour limit.
2025-08-07 22:26:39,949 - [INFO] - automacao_rh - (1_individual_contributor.py).run(79) - --- Automation Finished ---
2025-08-07 22:36:35,105 - [INFO] - automacao_rh - (3_consolidated_coordinator.py).run(28) - --- Starting Automation: 3 - Consolidated Coordinator Summary ---
2025-08-07 22:36:35,131 - [INFO] - automacao_rh - (3_consolidated_coordinator.py).run(44) - Found 135 total records to process for coordinator summaries.
2025-08-07 22:36:40,636 - [INFO] - automacao_rh - (3_consolidated_coordinator.py).run(88) - --- Automation Finished ---
2025-08-07 22:38:11,890 - [INFO] - automacao_rh - (3_consolidated_coordinator.py).run(28) - --- Starting Automation: 3 - Consolidated Coordinator Summary ---
2025-08-07 22:38:11,906 - [INFO] - automacao_rh - (3_consolidated_coordinator.py).run(43) - Found 135 total records to process for coordinator summaries.
2025-08-07 22:38:17,085 - [INFO] - automacao_rh - (3_consolidated_coordinator.py).run(103) - --- Automation Finished ---
2025-08-07 22:41:08,921 - [INFO] - automacao_rh - (3_consolidated_coordinator.py).run(28) - --- Starting Automation: 3 - Consolidated Coordinator Summary ---
2025-08-07 22:41:08,939 - [INFO] - automacao_rh - (3_consolidated_coordinator.py).run(43) - Found 135 total records to process for coordinator summaaries.
2025-08-07 22:41:14,915 - [INFO] - automacao_rh - (3_consolidated_coordinator.py).run(94) - --- Automation Finished ---
2025-08-09 19:49:47,867 - [INFO] - automacao_rh - (1_individual_contributor.py).run(28) - --- Starting Automation: 1 - Individual Contributor Overtime Alert ---
2025-08-09 19:49:47,902 - [INFO] - automacao_rh - (1_individual_contributor.py).run(38) - Searching for records on the target date: 08/06/2025
2025-08-09 19:49:47,904 - [INFO] - automacao_rh - (1_individual_contributor.py).run(47) - Found 97 contributors who exceeded the hour limit.
2025-08-09 19:49:55,470 - [INFO] - automacao_rh - (1_individual_contributor.py).run(79) - --- Automation Finished ---
2025-08-09 19:55:10,486 - [INFO] - automacao_rh - (1_individual_contributor.py).run(28) - --- Starting Automation: 1 - Individual Contributor Overtime Alert ---
2025-08-09 19:55:10,505 - [INFO] - automacao_rh - (1_individual_contributor.py).run(38) - Searching for records on the target date: 08/06/2025
2025-08-09 19:55:10,507 - [INFO] - automacao_rh - (1_individual_contributor.py).run(47) - Found 97 contributors who exceeded the hour limit.
2025-08-09 19:55:17,514 - [INFO] - automacao_rh - (1_individual_contributor.py).run(79) - --- Automation Finished ---
2025-08-09 19:56:00,837 - [INFO] - automacao_rh - (3_consolidated_coordinator.py).run(28) - --- Starting Automation: 3 - Consolidated Coordinator Summary ---
2025-08-09 19:56:00,857 - [INFO] - automacao_rh - (3_consolidated_coordinator.py).run(43) - Found 135 total records to process for coordinator summaries.
2025-08-09 19:56:06,221 - [INFO] - automacao_rh - (3_consolidated_coordinator.py).run(94) - --- Automation Finished ---
2025-08-09 19:58:08,952 - [INFO] - automacao_rh - (1_individual_contributor.py).run(35) - --- Starting Automation: 1 - Individual Contributor Overtime Alert ---
2025-08-09 19:58:08,972 - [INFO] - automacao_rh - (1_individual_contributor.py).run(45) - Searching for records on the target date: 09/08/2025
2025-08-09 19:58:08,974 - [INFO] - automacao_rh - (1_individual_contributor.py).run(51) - No active contributors exceeded the hour limit on 09/08/2025. All clear!
